Build started 2016-04-29 13:18:00.
     1>Project "D:\Olek\OneDrive\Dokumenty\Visual Studio 2015\Projects\Tutorials\Cziczaka\Tutorial\Tutorial.vcxproj" on node 2 (Build target(s)).
     1>ClCompile:
         D:\Programy\VisualStudio2015\VC\bin\CL.exe /c /ZI /nologo /W3 /WX- /sdl /Od /Oy- /D WIN32 /D _DEBUG /D _CONSOLE /D _UNICODE /D UNICODE /Gm /EHsc /RTC1 /MDd /GS /fp:precise /Zc:wchar_t /Zc:forScope /Zc:inline /Fo"Debug\\" /Fd"Debug\vc140.pdb" /Gd /TP /analyze- /errorReport:prompt RenderableLine.cpp RenderableObject.cpp RenderablePoint.cpp RenderableRectangle.cpp RenderableTexture.cpp Renderer.cpp Resource.cpp ResourceFont.cpp ResourceFontTexture.cpp ResourceTexture.cpp SceneBase.cpp SceneObject.cpp Utils.cpp Window.cpp main.cpp
         main.cpp
         Window.cpp
         Utils.cpp
         SceneObject.cpp
         SceneBase.cpp
         ResourceTexture.cpp
         ResourceFontTexture.cpp
         ResourceFont.cpp
         Resource.cpp
         Renderer.cpp
         RenderableTexture.cpp
     1>d:\olek\onedrive\dokumenty\visual studio 2015\projects\tutorials\cziczaka\tutorial\renderabletexture.cpp(30): warning C4838: conversion from 'uint' to 'int' requires a narrowing conversion
     1>d:\olek\onedrive\dokumenty\visual studio 2015\projects\tutorials\cziczaka\tutorial\renderabletexture.cpp(31): warning C4838: conversion from 'uint' to 'int' requires a narrowing conversion
     1>d:\olek\onedrive\dokumenty\visual studio 2015\projects\tutorials\cziczaka\tutorial\renderabletexture.cpp(33): warning C4838: conversion from 'uint' to 'int' requires a narrowing conversion
     1>d:\olek\onedrive\dokumenty\visual studio 2015\projects\tutorials\cziczaka\tutorial\utils.h(47): warning C4244: 'initializing': conversion from 'double' to 'uint', possible loss of data
         d:\olek\onedrive\dokumenty\visual studio 2015\projects\tutorials\cziczaka\tutorial\utils.h(45): note: while compiling class template member function 'Vec2<uint>::Vec2(void)'
         d:\olek\onedrive\dokumenty\visual studio 2015\projects\tutorials\cziczaka\tutorial\renderabletexture.cpp(6): note: see reference to function template instantiation 'Vec2<uint>::Vec2(void)' being compiled
         d:\olek\onedrive\dokumenty\visual studio 2015\projects\tutorials\cziczaka\tutorial\renderableobject.h(25): note: see reference to class template instantiation 'Vec2<uint>' being compiled
         RenderableRectangle.cpp
     1>d:\olek\onedrive\dokumenty\visual studio 2015\projects\tutorials\cziczaka\tutorial\renderablerectangle.cpp(18): warning C4838: conversion from 'uint' to 'int' requires a narrowing conversion
     1>d:\olek\onedrive\dokumenty\visual studio 2015\projects\tutorials\cziczaka\tutorial\renderablerectangle.cpp(34): warning C4838: conversion from 'uint' to 'int' requires a narrowing conversion
         RenderablePoint.cpp
         RenderableObject.cpp
     1>d:\olek\onedrive\dokumenty\visual studio 2015\projects\tutorials\cziczaka\tutorial\utils.h(47): warning C4244: 'initializing': conversion from 'double' to 'uint', possible loss of data
         d:\olek\onedrive\dokumenty\visual studio 2015\projects\tutorials\cziczaka\tutorial\utils.h(45): note: while compiling class template member function 'Vec2<uint>::Vec2(void)'
         d:\olek\onedrive\dokumenty\visual studio 2015\projects\tutorials\cziczaka\tutorial\renderableobject.cpp(7): note: see reference to function template instantiation 'Vec2<uint>::Vec2(void)' being compiled
         d:\olek\onedrive\dokumenty\visual studio 2015\projects\tutorials\cziczaka\tutorial\renderableobject.h(25): note: see reference to class template instantiation 'Vec2<uint>' being compiled
         RenderableLine.cpp
         Generating Code...
     1>d:\olek\onedrive\dokumenty\visual studio 2015\projects\tutorials\cziczaka\tutorial\scenebase.cpp(39): error C4716: 'SceneBase::run': must return a value
     1>Done Building Project "D:\Olek\OneDrive\Dokumenty\Visual Studio 2015\Projects\Tutorials\Cziczaka\Tutorial\Tutorial.vcxproj" (Build target(s)) -- FAILED.

Build FAILED.

Time Elapsed 00:00:04.07
